# JRE version: OpenJDK Runtime Environment (8.0_212-b04) (build 1.8.0_212-release-1586-b04)
# Java VM: OpenJDK 64-Bit Server VM (25.212-b04 mixed mode windows-amd64 compressed oops)
Heap:
 PSYoungGen      total 134656K, used 59718K [0x00000000e0000000, 0x00000000e8f00000, 0x0000000100000000)
  eden space 122880K, 48% used [0x00000000e0000000,0x00000000e3a51a80,0x00000000e7800000)
  from space 11776K, 0% used [0x00000000e7800000,0x00000000e7800000,0x00000000e8380000)
  to   space 11776K, 0% used [0x00000000e8380000,0x00000000e8380000,0x00000000e8f00000)
 ParOldGen       total 81920K, used 17663K [0x00000000a0000000, 0x00000000a5000000, 0x00000000e0000000)
  object space 81920K, 21% used [0x00000000a0000000,0x00000000a113fc58,0x00000000a5000000)
 Metaspace       used 39132K, capacity 40282K, committed 40616K, reserved 1083392K
  class space    used 5377K, capacity 5676K, committed 5800K, reserved 1048576K
GC Heap History (10 events):
Event: 11.671 GC heap before
{Heap before GC invocations=5 (full 1):
 PSYoungGen      total 76288K, used 8025K [0x00000000e0000000, 0x00000000e5500000, 0x0000000100000000)
  eden space 65536K, 0% used [0x00000000e0000000,0x00000000e0000000,0x00000000e4000000)
  from space 10752K, 74% used [0x00000000e4a80000,0x00000000e52566d8,0x00000000e5500000)
  to   space 10752K, 0% used [0x00000000e4000000,0x00000000e4000000,0x00000000e4a80000)
 ParOldGen       total 175104K, used 795K [0x00000000a0000000, 0x00000000aab00000, 0x00000000e0000000)
  object space 175104K, 0% used [0x00000000a0000000,0x00000000a00c6f40,0x00000000aab00000)
 Metaspace       used 20666K, capacity 21238K, committed 21296K, reserved 1067008K
  class space    used 2985K, capacity 3180K, committed 3200K, reserved 1048576K
Event: 11.696 GC heap after
Heap after GC invocations=5 (full 1):
 PSYoungGen      total 76288K, used 0K [0x00000000e0000000, 0x00000000e5500000, 0x0000000100000000)
  eden space 65536K, 0% used [0x00000000e0000000,0x00000000e0000000,0x00000000e4000000)
  from space 10752K, 0% used [0x00000000e4a80000,0x00000000e4a80000,0x00000000e5500000)
  to   space 10752K, 0% used [0x00000000e4000000,0x00000000e4000000,0x00000000e4a80000)
 ParOldGen       total 81920K, used 7772K [0x00000000a0000000, 0x00000000a5000000, 0x00000000e0000000)
  object space 81920K, 9% used [0x00000000a0000000,0x00000000a07971b8,0x00000000a5000000)
 Metaspace       used 20666K, capacity 21238K, committed 21296K, reserved 1067008K
  class space    used 2985K, capacity 3180K, committed 3200K, reserved 1048576K
}
Event: 12.272 GC heap before
{Heap before GC invocations=6 (full 1):
 PSYoungGen      total 76288K, used 65536K [0x00000000e0000000, 0x00000000e5500000, 0x0000000100000000)
  eden space 65536K, 100% used [0x00000000e0000000,0x00000000e4000000,0x00000000e4000000)
  from space 10752K, 0% used [0x00000000e4a80000,0x00000000e4a80000,0x00000000e5500000)
  to   space 10752K, 0% used [0x00000000e4000000,0x00000000e4000000,0x00000000e4a80000)
 ParOldGen       total 81920K, used 7772K [0x00000000a0000000, 0x00000000a5000000, 0x00000000e0000000)
  object space 81920K, 9% used [0x00000000a0000000,0x00000000a07971b8,0x00000000a5000000)
 Metaspace       used 28476K, capacity 29080K, committed 29184K, reserved 1075200K
  class space    used 3880K, capacity 4085K, committed 4096K, reserved 1048576K
Event: 12.277 GC heap after
Heap after GC invocations=6 (full 1):
 PSYoungGen      total 76288K, used 7854K [0x00000000e0000000, 0x00000000e8f80000, 0x0000000100000000)
  eden space 65536K, 0% used [0x00000000e0000000,0x00000000e0000000,0x00000000e4000000)
  from space 10752K, 73% used [0x00000000e4000000,0x00000000e47abb50,0x00000000e4a80000)
  to   space 12288K, 0% used [0x00000000e8380000,0x00000000e8380000,0x00000000e8f80000)
 ParOldGen       total 81920K, used 7780K [0x00000000a0000000, 0x00000000a5000000, 0x00000000e0000000)
  object space 81920K, 9% used [0x00000000a0000000,0x00000000a07991b8,0x00000000a5000000)
 Metaspace       used 28476K, capacity 29080K, committed 29184K, reserved 1075200K
  class space    used 3880K, capacity 4085K, committed 4096K, reserved 1048576K
}
Event: 12.752 GC heap before
{Heap before GC invocations=7 (full 1):
 PSYoungGen      total 76288K, used 73390K [0x00000000e0000000, 0x00000000e8f80000, 0x0000000100000000)
  eden space 65536K, 100% used [0x00000000e0000000,0x00000000e4000000,0x00000000e4000000)
  from space 10752K, 73% used [0x00000000e4000000,0x00000000e47abb50,0x00000000e4a80000)
  to   space 12288K, 0% used [0x00000000e8380000,0x00000000e8380000,0x00000000e8f80000)
 ParOldGen       total 81920K, used 7780K [0x00000000a0000000, 0x00000000a5000000, 0x00000000e0000000)
  object space 81920K, 9% used [0x00000000a0000000,0x00000000a07991b8,0x00000000a5000000)
 Metaspace       used 32339K, capacity 33118K, committed 33280K, reserved 1077248K
  class space    used 4366K, capacity 4588K, committed 4608K, reserved 1048576K
Event: 12.760 GC heap after
Heap after GC invocations=7 (full 1):
 PSYoungGen      total 134656K, used 8757K [0x00000000e0000000, 0x00000000e8f00000, 0x0000000100000000)
  eden space 122880K, 0% used [0x00000000e0000000,0x00000000e0000000,0x00000000e7800000)
  from space 11776K, 74% used [0x00000000e8380000,0x00000000e8c0d680,0x00000000e8f00000)
  to   space 11776K, 0% used [0x00000000e7800000,0x00000000e7800000,0x00000000e8380000)
 ParOldGen       total 81920K, used 7788K [0x00000000a0000000, 0x00000000a5000000, 0x00000000e0000000)
  object space 81920K, 9% used [0x00000000a0000000,0x00000000a079b1b8,0x00000000a5000000)
 Metaspace       used 32339K, capacity 33118K, committed 33280K, reserved 1077248K
  class space    used 4366K, capacity 4588K, committed 4608K, reserved 1048576K
}
Event: 13.142 GC heap before
{Heap before GC invocations=8 (full 1):
 PSYoungGen      total 134656K, used 65623K [0x00000000e0000000, 0x00000000e8f00000, 0x0000000100000000)
  eden space 122880K, 46% used [0x00000000e0000000,0x00000000e3788940,0x00000000e7800000)
  from space 11776K, 74% used [0x00000000e8380000,0x00000000e8c0d680,0x00000000e8f00000)
  to   space 11776K, 0% used [0x00000000e7800000,0x00000000e7800000,0x00000000e8380000)
 ParOldGen       total 81920K, used 7788K [0x00000000a0000000, 0x00000000a5000000, 0x00000000e0000000)
  object space 81920K, 9% used [0x00000000a0000000,0x00000000a079b1b8,0x00000000a5000000)
 Metaspace       used 34684K, capacity 35464K, committed 35496K, reserved 1079296K
  class space    used 4773K, capacity 5003K, committed 5032K, reserved 1048576K
Event: 13.151 GC heap after
Heap after GC invocations=8 (full 1):
 PSYoungGen      total 134656K, used 10967K [0x00000000e0000000, 0x00000000e8f00000, 0x0000000100000000)
  eden space 122880K, 0% used [0x00000000e0000000,0x00000000e0000000,0x00000000e7800000)
  from space 11776K, 93% used [0x00000000e7800000,0x00000000e82b5fa8,0x00000000e8380000)
  to   space 11776K, 0% used [0x00000000e8380000,0x00000000e8380000,0x00000000e8f00000)
 ParOldGen       total 81920K, used 7796K [0x00000000a0000000, 0x00000000a5000000, 0x00000000e0000000)
  object space 81920K, 9% used [0x00000000a0000000,0x00000000a079d1b8,0x00000000a5000000)
 Metaspace       used 34684K, capacity 35464K, committed 35496K, reserved 1079296K
  class space    used 4773K, capacity 5003K, committed 5032K, reserved 1048576K
}
Event: 13.151 GC heap before
{Heap before GC invocations=9 (full 2):
 PSYoungGen      total 134656K, used 10967K [0x00000000e0000000, 0x00000000e8f00000, 0x0000000100000000)
  eden space 122880K, 0% used [0x00000000e0000000,0x00000000e0000000,0x00000000e7800000)
  from space 11776K, 93% used [0x00000000e7800000,0x00000000e82b5fa8,0x00000000e8380000)
  to   space 11776K, 0% used [0x00000000e8380000,0x00000000e8380000,0x00000000e8f00000)
 ParOldGen       total 81920K, used 7796K [0x00000000a0000000, 0x00000000a5000000, 0x00000000e0000000)
  object space 81920K, 9% used [0x00000000a0000000,0x00000000a079d1b8,0x00000000a5000000)
 Metaspace       used 34684K, capacity 35464K, committed 35496K, reserved 1079296K
  class space    used 4773K, capacity 5003K, committed 5032K, reserved 1048576K
Event: 13.197 GC heap after
Heap after GC invocations=9 (full 2):
 PSYoungGen      total 134656K, used 0K [0x00000000e0000000, 0x00000000e8f00000, 0x0000000100000000)
  eden space 122880K, 0% used [0x00000000e0000000,0x00000000e0000000,0x00000000e7800000)
  from space 11776K, 0% used [0x00000000e7800000,0x00000000e7800000,0x00000000e8380000)
  to   space 11776K, 0% used [0x00000000e8380000,0x00000000e8380000,0x00000000e8f00000)
 ParOldGen       total 81920K, used 17663K [0x00000000a0000000, 0x00000000a5000000, 0x00000000e0000000)
  object space 81920K, 21% used [0x00000000a0000000,0x00000000a113fc58,0x00000000a5000000)
 Metaspace       used 34684K, capacity 35464K, committed 35496K, reserved 1079296K
  class space    used 4773K, capacity 5003K, committed 5032K, reserved 1048576K
}

