# JRE version: OpenJDK Runtime Environment (8.0_212-b04) (build 1.8.0_212-release-1586-b04)
# Java VM: OpenJDK 64-Bit Server VM (25.212-b04 mixed mode windows-amd64 compressed oops)
Heap:
 PSYoungGen      total 197120K, used 24203K [0x00000000e0000000, 0x00000000eff80000, 0x0000000100000000)
  eden space 178688K, 13% used [0x00000000e0000000,0x00000000e17a2ff0,0x00000000eae80000)
  from space 18432K, 0% used [0x00000000ec200000,0x00000000ec200000,0x00000000ed400000)
  to   space 19968K, 0% used [0x00000000eae80000,0x00000000eae80000,0x00000000ec200000)
 ParOldGen       total 94720K, used 31768K [0x00000000a0000000, 0x00000000a5c80000, 0x00000000e0000000)
  object space 94720K, 33% used [0x00000000a0000000,0x00000000a1f06110,0x00000000a5c80000)
 Metaspace       used 58081K, capacity 59982K, committed 60160K, reserved 1101824K
  class space    used 7886K, capacity 8340K, committed 8448K, reserved 1048576K
GC Heap History (10 events):
Event: 4.378 GC heap before
{Heap before GC invocations=9 (full 2):
 PSYoungGen      total 121344K, used 7514K [0x00000000e0000000, 0x00000000ece00000, 0x0000000100000000)
  eden space 108544K, 0% used [0x00000000e0000000,0x00000000e0000000,0x00000000e6a00000)
  from space 12800K, 58% used [0x00000000e6a00000,0x00000000e7156950,0x00000000e7680000)
  to   space 12800K, 0% used [0x00000000ec180000,0x00000000ec180000,0x00000000ece00000)
 ParOldGen       total 94720K, used 7874K [0x00000000a0000000, 0x00000000a5c80000, 0x00000000e0000000)
  object space 94720K, 8% used [0x00000000a0000000,0x00000000a07b0930,0x00000000a5c80000)
 Metaspace       used 34641K, capacity 35390K, committed 35496K, reserved 1079296K
  class space    used 4571K, capacity 4779K, committed 4864K, reserved 1048576K
Event: 4.453 GC heap after
Heap after GC invocations=9 (full 2):
 PSYoungGen      total 121344K, used 0K [0x00000000e0000000, 0x00000000ece00000, 0x0000000100000000)
  eden space 108544K, 0% used [0x00000000e0000000,0x00000000e0000000,0x00000000e6a00000)
  from space 12800K, 0% used [0x00000000e6a00000,0x00000000e6a00000,0x00000000e7680000)
  to   space 12800K, 0% used [0x00000000ec180000,0x00000000ec180000,0x00000000ece00000)
 ParOldGen       total 94720K, used 14440K [0x00000000a0000000, 0x00000000a5c80000, 0x00000000e0000000)
  object space 94720K, 15% used [0x00000000a0000000,0x00000000a0e1a3e8,0x00000000a5c80000)
 Metaspace       used 34595K, capacity 35286K, committed 35496K, reserved 1079296K
  class space    used 4560K, capacity 4767K, committed 4864K, reserved 1048576K
}
Event: 5.514 GC heap before
{Heap before GC invocations=10 (full 2):
 PSYoungGen      total 121344K, used 108544K [0x00000000e0000000, 0x00000000ece00000, 0x0000000100000000)
  eden space 108544K, 100% used [0x00000000e0000000,0x00000000e6a00000,0x00000000e6a00000)
  from space 12800K, 0% used [0x00000000e6a00000,0x00000000e6a00000,0x00000000e7680000)
  to   space 12800K, 0% used [0x00000000ec180000,0x00000000ec180000,0x00000000ece00000)
 ParOldGen       total 94720K, used 14440K [0x00000000a0000000, 0x00000000a5c80000, 0x00000000e0000000)
  object space 94720K, 15% used [0x00000000a0000000,0x00000000a0e1a3e8,0x00000000a5c80000)
 Metaspace       used 39257K, capacity 40356K, committed 40448K, reserved 1083392K
  class space    used 5280K, capacity 5561K, committed 5632K, reserved 1048576K
Event: 5.520 GC heap after
Heap after GC invocations=10 (full 2):
 PSYoungGen      total 158720K, used 9252K [0x00000000e0000000, 0x00000000ecb00000, 0x0000000100000000)
  eden space 148992K, 0% used [0x00000000e0000000,0x00000000e0000000,0x00000000e9180000)
  from space 9728K, 95% used [0x00000000ec180000,0x00000000eca89010,0x00000000ecb00000)
  to   space 12288K, 0% used [0x00000000eb300000,0x00000000eb300000,0x00000000ebf00000)
 ParOldGen       total 94720K, used 14448K [0x00000000a0000000, 0x00000000a5c80000, 0x00000000e0000000)
  object space 94720K, 15% used [0x00000000a0000000,0x00000000a0e1c3e8,0x00000000a5c80000)
 Metaspace       used 39257K, capacity 40356K, committed 40448K, reserved 1083392K
  class space    used 5280K, capacity 5561K, committed 5632K, reserved 1048576K
}
Event: 7.373 GC heap before
{Heap before GC invocations=11 (full 2):
 PSYoungGen      total 158720K, used 158244K [0x00000000e0000000, 0x00000000ecb00000, 0x0000000100000000)
  eden space 148992K, 100% used [0x00000000e0000000,0x00000000e9180000,0x00000000e9180000)
  from space 9728K, 95% used [0x00000000ec180000,0x00000000eca89010,0x00000000ecb00000)
  to   space 12288K, 0% used [0x00000000eb300000,0x00000000eb300000,0x00000000ebf00000)
 ParOldGen       total 94720K, used 14448K [0x00000000a0000000, 0x00000000a5c80000, 0x00000000e0000000)
  object space 94720K, 15% used [0x00000000a0000000,0x00000000a0e1c3e8,0x00000000a5c80000)
 Metaspace       used 54220K, capacity 55932K, committed 56064K, reserved 1097728K
  class space    used 7213K, capacity 7644K, committed 7680K, reserved 1048576K
Event: 7.392 GC heap after
Heap after GC invocations=11 (full 2):
 PSYoungGen      total 192512K, used 12276K [0x00000000e0000000, 0x00000000ed400000, 0x0000000100000000)
  eden space 180224K, 0% used [0x00000000e0000000,0x00000000e0000000,0x00000000eb000000)
  from space 12288K, 99% used [0x00000000eb300000,0x00000000ebefd300,0x00000000ebf00000)
  to   space 18432K, 0% used [0x00000000ec200000,0x00000000ec200000,0x00000000ed400000)
 ParOldGen       total 94720K, used 26034K [0x00000000a0000000, 0x00000000a5c80000, 0x00000000e0000000)
  object space 94720K, 27% used [0x00000000a0000000,0x00000000a196c938,0x00000000a5c80000)
 Metaspace       used 54220K, capacity 55932K, committed 56064K, reserved 1097728K
  class space    used 7213K, capacity 7644K, committed 7680K, reserved 1048576K
}
Event: 7.807 GC heap before
{Heap before GC invocations=12 (full 2):
 PSYoungGen      total 192512K, used 62371K [0x00000000e0000000, 0x00000000ed400000, 0x0000000100000000)
  eden space 180224K, 27% used [0x00000000e0000000,0x00000000e30ebb60,0x00000000eb000000)
  from space 12288K, 99% used [0x00000000eb300000,0x00000000ebefd300,0x00000000ebf00000)
  to   space 18432K, 0% used [0x00000000ec200000,0x00000000ec200000,0x00000000ed400000)
 ParOldGen       total 94720K, used 26034K [0x00000000a0000000, 0x00000000a5c80000, 0x00000000e0000000)
  object space 94720K, 27% used [0x00000000a0000000,0x00000000a196c938,0x00000000a5c80000)
 Metaspace       used 57146K, capacity 59098K, committed 59136K, reserved 1099776K
  class space    used 7719K, capacity 8184K, committed 8192K, reserved 1048576K
Event: 7.818 GC heap after
Heap after GC invocations=12 (full 2):
 PSYoungGen      total 197120K, used 16699K [0x00000000e0000000, 0x00000000eff80000, 0x0000000100000000)
  eden space 178688K, 0% used [0x00000000e0000000,0x00000000e0000000,0x00000000eae80000)
  from space 18432K, 90% used [0x00000000ec200000,0x00000000ed24ed98,0x00000000ed400000)
  to   space 19968K, 0% used [0x00000000eae80000,0x00000000eae80000,0x00000000ec200000)
 ParOldGen       total 94720K, used 26042K [0x00000000a0000000, 0x00000000a5c80000, 0x00000000e0000000)
  object space 94720K, 27% used [0x00000000a0000000,0x00000000a196e938,0x00000000a5c80000)
 Metaspace       used 57146K, capacity 59098K, committed 59136K, reserved 1099776K
  class space    used 7719K, capacity 8184K, committed 8192K, reserved 1048576K
}
Event: 7.818 GC heap before
{Heap before GC invocations=13 (full 3):
 PSYoungGen      total 197120K, used 16699K [0x00000000e0000000, 0x00000000eff80000, 0x0000000100000000)
  eden space 178688K, 0% used [0x00000000e0000000,0x00000000e0000000,0x00000000eae80000)
  from space 18432K, 90% used [0x00000000ec200000,0x00000000ed24ed98,0x00000000ed400000)
  to   space 19968K, 0% used [0x00000000eae80000,0x00000000eae80000,0x00000000ec200000)
 ParOldGen       total 94720K, used 26042K [0x00000000a0000000, 0x00000000a5c80000, 0x00000000e0000000)
  object space 94720K, 27% used [0x00000000a0000000,0x00000000a196e938,0x00000000a5c80000)
 Metaspace       used 57146K, capacity 59098K, committed 59136K, reserved 1099776K
  class space    used 7719K, capacity 8184K, committed 8192K, reserved 1048576K
Event: 8.017 GC heap after
Heap after GC invocations=13 (full 3):
 PSYoungGen      total 197120K, used 0K [0x00000000e0000000, 0x00000000eff80000, 0x0000000100000000)
  eden space 178688K, 0% used [0x00000000e0000000,0x00000000e0000000,0x00000000eae80000)
  from space 18432K, 0% used [0x00000000ec200000,0x00000000ec200000,0x00000000ed400000)
  to   space 19968K, 0% used [0x00000000eae80000,0x00000000eae80000,0x00000000ec200000)
 ParOldGen       total 94720K, used 31768K [0x00000000a0000000, 0x00000000a5c80000, 0x00000000e0000000)
  object space 94720K, 33% used [0x00000000a0000000,0x00000000a1f06110,0x00000000a5c80000)
 Metaspace       used 57112K, capacity 58984K, committed 59136K, reserved 1099776K
  class space    used 7709K, capacity 8165K, committed 8192K, reserved 1048576K
}

